{"C:\\Users\\Josiah\\Desktop\\LINKED-LIST\\LinkedList.js": {"path":"C:\\Users\\Josiah\\Desktop\\LINKED-LIST\\LinkedList.js","statementMap":{"0":{"start":{"line":6,"column":6},"end":{"line":6,"column":22}},"1":{"start":{"line":7,"column":6},"end":{"line":7,"column":21}},"2":{"start":{"line":11,"column":22},"end":{"line":11,"column":57}},"3":{"start":{"line":12,"column":6},"end":{"line":12,"column":25}},"4":{"start":{"line":13,"column":6},"end":{"line":13,"column":19}},"5":{"start":{"line":17,"column":6},"end":{"line":17,"column":56}},"6":{"start":{"line":17,"column":45},"end":{"line":17,"column":56}},"7":{"start":{"line":19,"column":20},"end":{"line":19,"column":29}},"8":{"start":{"line":20,"column":6},"end":{"line":22,"column":7}},"9":{"start":{"line":20,"column":19},"end":{"line":20,"column":20}},"10":{"start":{"line":21,"column":8},"end":{"line":21,"column":30}},"11":{"start":{"line":23,"column":6},"end":{"line":23,"column":20}},"12":{"start":{"line":27,"column":6},"end":{"line":27,"column":32}},"13":{"start":{"line":28,"column":6},"end":{"line":28,"column":19}},"14":{"start":{"line":32,"column":6},"end":{"line":32,"column":54}},"15":{"start":{"line":32,"column":23},"end":{"line":32,"column":54}},"16":{"start":{"line":34,"column":19},"end":{"line":34,"column":45}},"17":{"start":{"line":35,"column":6},"end":{"line":35,"column":35}},"18":{"start":{"line":35,"column":24},"end":{"line":35,"column":35}},"19":{"start":{"line":37,"column":6},"end":{"line":37,"column":54}},"20":{"start":{"line":38,"column":6},"end":{"line":38,"column":19}},"21":{"start":{"line":42,"column":6},"end":{"line":42,"column":47}},"22":{"start":{"line":42,"column":23},"end":{"line":42,"column":47}},"23":{"start":{"line":44,"column":19},"end":{"line":44,"column":45}},"24":{"start":{"line":45,"column":6},"end":{"line":45,"column":35}},"25":{"start":{"line":45,"column":24},"end":{"line":45,"column":35}},"26":{"start":{"line":47,"column":6},"end":{"line":47,"column":32}},"27":{"start":{"line":48,"column":6},"end":{"line":48,"column":19}},"28":{"start":{"line":52,"column":19},"end":{"line":52,"column":21}},"29":{"start":{"line":53,"column":20},"end":{"line":53,"column":29}},"30":{"start":{"line":54,"column":6},"end":{"line":57,"column":7}},"31":{"start":{"line":55,"column":8},"end":{"line":55,"column":48}},"32":{"start":{"line":56,"column":8},"end":{"line":56,"column":30}},"33":{"start":{"line":58,"column":6},"end":{"line":58,"column":34}},"34":{"start":{"line":64,"column":6},"end":{"line":64,"column":24}},"35":{"start":{"line":65,"column":6},"end":{"line":65,"column":22}},"36":{"start":{"line":69,"column":2},"end":{"line":75,"column":3}},"37":{"start":{"line":70,"column":15},"end":{"line":70,"column":31}},"38":{"start":{"line":71,"column":4},"end":{"line":73,"column":5}},"39":{"start":{"line":71,"column":17},"end":{"line":71,"column":34}},"40":{"start":{"line":72,"column":6},"end":{"line":72,"column":32}},"41":{"start":{"line":74,"column":4},"end":{"line":74,"column":13}},"42":{"start":{"line":77,"column":2},"end":{"line":77,"column":29}}},"fnMap":{"0":{"name":"(anonymous_0)","decl":{"start":{"line":5,"column":4},"end":{"line":5,"column":5}},"loc":{"start":{"line":5,"column":18},"end":{"line":8,"column":5}},"line":5},"1":{"name":"(anonymous_1)","decl":{"start":{"line":10,"column":4},"end":{"line":10,"column":5}},"loc":{"start":{"line":10,"column":23},"end":{"line":14,"column":5}},"line":10},"2":{"name":"(anonymous_2)","decl":{"start":{"line":16,"column":4},"end":{"line":16,"column":5}},"loc":{"start":{"line":16,"column":22},"end":{"line":24,"column":5}},"line":16},"3":{"name":"(anonymous_3)","decl":{"start":{"line":26,"column":4},"end":{"line":26,"column":5}},"loc":{"start":{"line":26,"column":17},"end":{"line":29,"column":5}},"line":26},"4":{"name":"(anonymous_4)","decl":{"start":{"line":31,"column":4},"end":{"line":31,"column":5}},"loc":{"start":{"line":31,"column":32},"end":{"line":39,"column":5}},"line":31},"5":{"name":"(anonymous_5)","decl":{"start":{"line":41,"column":4},"end":{"line":41,"column":5}},"loc":{"start":{"line":41,"column":25},"end":{"line":49,"column":5}},"line":41},"6":{"name":"(anonymous_6)","decl":{"start":{"line":51,"column":4},"end":{"line":51,"column":5}},"loc":{"start":{"line":51,"column":12},"end":{"line":59,"column":5}},"line":51},"7":{"name":"(anonymous_7)","decl":{"start":{"line":63,"column":4},"end":{"line":63,"column":5}},"loc":{"start":{"line":63,"column":29},"end":{"line":66,"column":5}},"line":63},"8":{"name":"(anonymous_8)","decl":{"start":{"line":69,"column":26},"end":{"line":69,"column":27}},"loc":{"start":{"line":69,"column":46},"end":{"line":75,"column":3}},"line":69}},"branchMap":{"0":{"loc":{"start":{"line":17,"column":6},"end":{"line":17,"column":56}},"type":"if","locations":[{"start":{"line":17,"column":6},"end":{"line":17,"column":56}},{"start":{"line":17,"column":6},"end":{"line":17,"column":56}}],"line":17},"1":{"loc":{"start":{"line":17,"column":10},"end":{"line":17,"column":43}},"type":"binary-expr","locations":[{"start":{"line":17,"column":10},"end":{"line":17,"column":19}},{"start":{"line":17,"column":23},"end":{"line":17,"column":43}}],"line":17},"2":{"loc":{"start":{"line":32,"column":6},"end":{"line":32,"column":54}},"type":"if","locations":[{"start":{"line":32,"column":6},"end":{"line":32,"column":54}},{"start":{"line":32,"column":6},"end":{"line":32,"column":54}}],"line":32},"3":{"loc":{"start":{"line":35,"column":6},"end":{"line":35,"column":35}},"type":"if","locations":[{"start":{"line":35,"column":6},"end":{"line":35,"column":35}},{"start":{"line":35,"column":6},"end":{"line":35,"column":35}}],"line":35},"4":{"loc":{"start":{"line":42,"column":6},"end":{"line":42,"column":47}},"type":"if","locations":[{"start":{"line":42,"column":6},"end":{"line":42,"column":47}},{"start":{"line":42,"column":6},"end":{"line":42,"column":47}}],"line":42},"5":{"loc":{"start":{"line":45,"column":6},"end":{"line":45,"column":35}},"type":"if","locations":[{"start":{"line":45,"column":6},"end":{"line":45,"column":35}},{"start":{"line":45,"column":6},"end":{"line":45,"column":35}}],"line":45}},"s":{"0":14,"1":14,"2":37,"3":37,"4":37,"5":12,"6":6,"7":6,"8":6,"9":6,"10":7,"11":6,"12":2,"13":2,"14":4,"15":1,"16":3,"17":3,"18":2,"19":1,"20":1,"21":4,"22":1,"23":3,"24":3,"25":2,"26":1,"27":1,"28":0,"29":0,"30":0,"31":0,"32":0,"33":0,"34":38,"35":38,"36":1,"37":13,"38":13,"39":13,"40":34,"41":13,"42":1},"f":{"0":14,"1":37,"2":12,"3":2,"4":4,"5":4,"6":0,"7":38,"8":13},"b":{"0":[6,6],"1":[12,8],"2":[1,3],"3":[2,1],"4":[1,3],"5":[2,1]},"_coverageSchema":"1a1c01bbd47fc00a2c39e90264f33305004495a9","hash":"74df28ceddf62d72b96efce78eed3b539b04ebf6"}
}
